<?xml version="1.0" encoding="UTF-8"?>
<!-- Generated by org.testng.reporters.JUnitXMLReporter -->
<testsuite hostname="LAPTOP-CIKHNOBN" ignored="1" name="Default test" tests="4" failures="0" timestamp="2020-02-27T10:48:35 IST" time="0.292" errors="0">
  <testcase name="dtest" time="0.028" classname="executionclasses.Testclass1"/>
  <testcase name="btest" time="0.005" classname="executionclasses.Testclass1"/>
  <testcase name="atest" time="0.004" classname="executionclasses.Testclass1"/>
  <testcase name="atest" time="0.007" classname="executionclasses.Testclass1"/>
  <testcase name="ctest" time="0.0" classname="executionclasses.Testclass1">
    <ignored/>
  </testcase> <!-- ctest -->
</testsuite> <!-- Default test -->
