<?xml version="1.0" encoding="UTF-8"?>
<testng-results skipped="0" failed="0" ignored="1" total="5" passed="4">
  <reporter-output>
  </reporter-output>
  <suite name="Default suite" duration-ms="292" started-at="2020-02-27T10:48:34 IST" finished-at="2020-02-27T10:48:34 IST">
    <groups>
    </groups>
    <test name="Default test" duration-ms="292" started-at="2020-02-27T10:48:34 IST" finished-at="2020-02-27T10:48:34 IST">
      <class name="executionclasses.Testclass1">
        <test-method status="PASS" signature="beforeClass()[pri:0, instance:executionclasses.Testclass1@1d16f93d]" name="beforeClass" is-config="true" duration-ms="41" started-at="2020-02-27T10:48:34 IST" finished-at="2020-02-27T10:48:34 IST">
          <reporter-output>
          </reporter-output>
        </test-method> <!-- beforeClass -->
        <test-method status="PASS" signature="beforeMethod()[pri:0, instance:executionclasses.Testclass1@1d16f93d]" name="beforeMethod" is-config="true" duration-ms="2" started-at="2020-02-27T10:48:34 IST" finished-at="2020-02-27T10:48:34 IST">
          <reporter-output>
          </reporter-output>
        </test-method> <!-- beforeMethod -->
        <test-method status="PASS" signature="dtest()[pri:-2, instance:executionclasses.Testclass1@1d16f93d]" name="dtest" duration-ms="28" started-at="2020-02-27T10:48:34 IST" finished-at="2020-02-27T10:48:34 IST">
          <reporter-output>
          </reporter-output>
        </test-method> <!-- dtest -->
        <test-method status="PASS" signature="afterMethod()[pri:0, instance:executionclasses.Testclass1@1d16f93d]" name="afterMethod" is-config="true" duration-ms="11" started-at="2020-02-27T10:48:34 IST" finished-at="2020-02-27T10:48:34 IST">
          <reporter-output>
          </reporter-output>
        </test-method> <!-- afterMethod -->
        <test-method status="PASS" signature="beforeMethod()[pri:0, instance:executionclasses.Testclass1@1d16f93d]" name="beforeMethod" is-config="true" duration-ms="7" started-at="2020-02-27T10:48:34 IST" finished-at="2020-02-27T10:48:34 IST">
          <reporter-output>
          </reporter-output>
        </test-method> <!-- beforeMethod -->
        <test-method status="PASS" signature="btest()[pri:2, instance:executionclasses.Testclass1@1d16f93d]" name="btest" duration-ms="5" started-at="2020-02-27T10:48:34 IST" finished-at="2020-02-27T10:48:34 IST">
          <reporter-output>
          </reporter-output>
        </test-method> <!-- btest -->
        <test-method status="PASS" signature="afterMethod()[pri:0, instance:executionclasses.Testclass1@1d16f93d]" name="afterMethod" is-config="true" duration-ms="1" started-at="2020-02-27T10:48:34 IST" finished-at="2020-02-27T10:48:34 IST">
          <reporter-output>
          </reporter-output>
        </test-method> <!-- afterMethod -->
        <test-method status="PASS" signature="beforeMethod()[pri:0, instance:executionclasses.Testclass1@1d16f93d]" name="beforeMethod" is-config="true" duration-ms="1" started-at="2020-02-27T10:48:34 IST" finished-at="2020-02-27T10:48:34 IST">
          <reporter-output>
          </reporter-output>
        </test-method> <!-- beforeMethod -->
        <test-method status="PASS" signature="atest()[pri:3, instance:executionclasses.Testclass1@1d16f93d]" name="atest" duration-ms="4" started-at="2020-02-27T10:48:34 IST" depends-on-methods="executionclasses.Testclass1.dtest, executionclasses.Testclass1.btest" finished-at="2020-02-27T10:48:34 IST">
          <reporter-output>
          </reporter-output>
        </test-method> <!-- atest -->
        <test-method status="PASS" signature="afterMethod()[pri:0, instance:executionclasses.Testclass1@1d16f93d]" name="afterMethod" is-config="true" duration-ms="5" started-at="2020-02-27T10:48:34 IST" finished-at="2020-02-27T10:48:34 IST">
          <reporter-output>
          </reporter-output>
        </test-method> <!-- afterMethod -->
        <test-method status="PASS" signature="beforeMethod()[pri:0, instance:executionclasses.Testclass1@1d16f93d]" name="beforeMethod" is-config="true" duration-ms="1" started-at="2020-02-27T10:48:34 IST" finished-at="2020-02-27T10:48:34 IST">
          <reporter-output>
          </reporter-output>
        </test-method> <!-- beforeMethod -->
        <test-method status="PASS" signature="atest()[pri:3, instance:executionclasses.Testclass1@1d16f93d]" name="atest" duration-ms="7" started-at="2020-02-27T10:48:34 IST" depends-on-methods="executionclasses.Testclass1.dtest, executionclasses.Testclass1.btest" finished-at="2020-02-27T10:48:34 IST">
          <reporter-output>
          </reporter-output>
        </test-method> <!-- atest -->
        <test-method status="PASS" signature="afterMethod()[pri:0, instance:executionclasses.Testclass1@1d16f93d]" name="afterMethod" is-config="true" duration-ms="3" started-at="2020-02-27T10:48:34 IST" finished-at="2020-02-27T10:48:34 IST">
          <reporter-output>
          </reporter-output>
        </test-method> <!-- afterMethod -->
        <test-method status="PASS" signature="afterClass()[pri:0, instance:executionclasses.Testclass1@1d16f93d]" name="afterClass" is-config="true" duration-ms="2" started-at="2020-02-27T10:48:34 IST" finished-at="2020-02-27T10:48:34 IST">
          <reporter-output>
          </reporter-output>
        </test-method> <!-- afterClass -->
      </class> <!-- executionclasses.Testclass1 -->
    </test> <!-- Default test -->
  </suite> <!-- Default suite -->
</testng-results>
